/*C3*/SET SCHEMA PUBLIC
DISCONNECT
/*C5*/SET SCHEMA PUBLIC
DISCONNECT
/*C6*/SET SCHEMA PUBLIC
create table Cliente (numero integer not null, nombre varchar(50), primary key (numero))
DISCONNECT
/*C7*/SET SCHEMA PUBLIC
DISCONNECT
/*C8*/SET SCHEMA PUBLIC
create table Producto (numero integer not null, descripcion varchar(50), primary key (numero))
INSERT INTO PRODUCTO VALUES(152,'Mesa')
COMMIT
DISCONNECT
/*C9*/SET SCHEMA PUBLIC
DISCONNECT
/*C10*/SET SCHEMA PUBLIC
create table Categoria (oid varchar(32) not null, descripcion varchar(50), primary key (oid))
INSERT INTO CATEGORIA VALUES('40280981929d10e001929d1141c60000','Libros')
COMMIT
DISCONNECT
/*C11*/SET SCHEMA PUBLIC
DISCONNECT
/*C12*/SET SCHEMA PUBLIC
alter table Producto add column categoria_oid varchar(32)
alter table Producto add constraint FKc81rcy0vfdn5ewnap5scabhd3 foreign key (categoria_oid) references Categoria
DISCONNECT
/*C13*/SET SCHEMA PUBLIC
DISCONNECT
/*C14*/SET SCHEMA PUBLIC
alter table Producto add column fotos varchar(32)
alter table Producto add column observacion varchar(255)
alter table Producto add column precio numeric(19,2)
DELETE FROM PRODUCTO WHERE NUMERO=152
COMMIT
INSERT INTO PRODUCTO VALUES(15,'Diego','40280981929d10e001929d1141c60000','9D1A471DC0A88901000000002AFFDD56','Libro de diego, autor diego',360.00)
COMMIT
DISCONNECT
/*C15*/SET SCHEMA PUBLIC
DISCONNECT
/*C16*/SET SCHEMA PUBLIC
alter table Cliente add column ViaPublica varchar(30)
alter table Cliente add column codigoPostal integer
alter table Cliente add column municipio varchar(20)
alter table Cliente add column provincia varchar(30)
DISCONNECT
/*C17*/SET SCHEMA PUBLIC
DISCONNECT
/*C18*/SET SCHEMA PUBLIC
create table Factura (oid varchar(255) not null, anyo integer, fecha date, numero integer, observaciones varchar(255), primary key (oid))
/*C19*/SET SCHEMA PUBLIC
INSERT INTO FACTURA VALUES('40280981929d453801929d45d7f70000',2024,'2024-10-17',0,'producto 1')
COMMIT
INSERT INTO FACTURA VALUES('40280981929d453801929d45fea70001',2024,'2024-10-17',3,'aa')
COMMIT
DELETE FROM FACTURA WHERE OID='40280981929d453801929d45d7f70000'
DELETE FROM FACTURA WHERE OID='40280981929d453801929d45fea70001'
COMMIT
DISCONNECT
/*C18*/DISCONNECT
/*C20*/SET SCHEMA PUBLIC
DISCONNECT
/*C21*/SET SCHEMA PUBLIC
alter table Factura add column cliente_numero integer not null
alter table Factura add constraint FKmd10sg74xw8mq3d2m9k2kxual foreign key (cliente_numero) references Cliente
DISCONNECT
/*C22*/SET SCHEMA PUBLIC
DISCONNECT
/*C23*/SET SCHEMA PUBLIC
DISCONNECT
/*C24*/SET SCHEMA PUBLIC
create table Factura_detalles (Factura_oid varchar(255) not null, Cantidad integer not null, producto_numero integer)
alter table Factura_detalles add constraint FKe3f314u9v7uw8aktwkjo8473t foreign key (producto_numero) references Producto
alter table Factura_detalles add constraint FKpl16p1cpo7r84s75asx5db9nq foreign key (Factura_oid) references Factura
DISCONNECT
/*C25*/SET SCHEMA PUBLIC
DISCONNECT
/*C26*/SET SCHEMA PUBLIC
DISCONNECT
/*C27*/SET SCHEMA PUBLIC
DISCONNECT
/*C28*/SET SCHEMA PUBLIC
DISCONNECT
/*C29*/SET SCHEMA PUBLIC
DISCONNECT
/*C30*/SET SCHEMA PUBLIC
DISCONNECT
/*C31*/SET SCHEMA PUBLIC
DISCONNECT
/*C32*/SET SCHEMA PUBLIC
DELETE FROM PRODUCTO WHERE NUMERO=15
COMMIT
DELETE FROM CATEGORIA WHERE OID='40280981929d10e001929d1141c60000'
COMMIT
DISCONNECT
/*C33*/SET SCHEMA PUBLIC
DISCONNECT
/*C35*/SET SCHEMA PUBLIC
DISCONNECT
/*C34*/SET SCHEMA PUBLIC
DISCONNECT
